<?xml version="1.0" encoding="UTF-8"?>
<testsuites name="jest tests" tests="8" failures="0" time="117.156">
  <testsuite name="Reseller, main actions" errors="0" failures="0" skipped="0" timestamp="2019-12-27T08:16:51" time="116.348" tests="8">
    <testcase classname="Reseller, main actions Login as reseller" name="Reseller, main actions Login as reseller" time="25.737">
    </testcase>
    <testcase classname="Reseller, main actions Create a new rate" name="Reseller, main actions Create a new rate" time="24.36">
    </testcase>
    <testcase classname="Reseller, main actions Create a new group" name="Reseller, main actions Create a new group" time="14.387">
    </testcase>
    <testcase classname="Reseller, main actions location test" name="Reseller, main actions location test" time="9.804">
    </testcase>
    <testcase classname="Client, main actions Login as client" name="Client, main actions Login as client" time="26.148">
    </testcase>
    <testcase classname="Client, main actions create new user" name="Client, main actions create new user" time="4.329">
    </testcase>
    <testcase classname="Client, main actions change user information" name="Client, main actions change user information" time="4.201">
    </testcase>
    <testcase classname="Client, main actions delete user" name="Client, main actions delete user" time="5.297">
    </testcase>
  </testsuite>
</testsuites>