<?xml version="1.0" encoding="UTF-8"?>
<testsuites name="jest tests" tests="5" failures="0" time="56.449">
  <testsuite name="Client, main actions" errors="0" failures="0" skipped="0" timestamp="2019-12-30T08:55:15" time="55.517" tests="5">
    <testcase classname="Client, main actions Login as client" name="Client, main actions Login as client" time="24.693">
    </testcase>
    <testcase classname="Client, main actions create new user" name="Client, main actions create new user" time="8.567">
    </testcase>
    <testcase classname="Client, main actions change user information" name="Client, main actions change user information" time="4.231">
    </testcase>
    <testcase classname="Client, main actions delete user" name="Client, main actions delete user" time="5.667">
    </testcase>
    <testcase classname="Client, main actions connect with stripe" name="Client, main actions connect with stripe" time="10.295">
    </testcase>
  </testsuite>
</testsuites>