<?xml version="1.0" encoding="UTF-8"?>
<testsuites name="jest tests" tests="13" failures="0" time="133.457">
  <testsuite name="Cloud emulator craete device" errors="0" failures="0" skipped="0" timestamp="2020-04-07T07:32:19" time="132.688" tests="13">
    <testcase classname="Cloud emulator craete device Get a cloud amulator token" name="Cloud emulator craete device Get a cloud amulator token" time="1.217">
    </testcase>
    <testcase classname="Cloud emulator craete device Create a new template" name="Cloud emulator craete device Create a new template" time="1.004">
    </testcase>
    <testcase classname="Cloud emulator craete device Run a created  template" name="Cloud emulator craete device Run a created  template" time="0">
    </testcase>
    <testcase classname="Reseller, main actions Login as reseller" name="Reseller, main actions Login as reseller" time="28.387">
    </testcase>
    <testcase classname="Reseller, main actions Create a new rate" name="Reseller, main actions Create a new rate" time="10.276">
    </testcase>
    <testcase classname="Reseller, main actions Create a new group" name="Reseller, main actions Create a new group" time="14.838">
    </testcase>
    <testcase classname="Reseller, main actions location test" name="Reseller, main actions location test" time="14.79">
    </testcase>
    <testcase classname="Reseller, main actions sublocation test" name="Reseller, main actions sublocation test" time="12.683">
    </testcase>
    <testcase classname="Reseller, main actions RFID add from admin side" name="Reseller, main actions RFID add from admin side" time="1.408">
    </testcase>
    <testcase classname="Reseller, main actions RFID add from reseller side" name="Reseller, main actions RFID add from reseller side" time="6.568">
    </testcase>
    <testcase classname="Reseller, main actions plug the emulator device" name="Reseller, main actions plug the emulator device" time="0.001">
    </testcase>
    <testcase classname="Reseller, main actions Add cloud device" name="Reseller, main actions Add cloud device" time="16.628">
    </testcase>
    <testcase classname="Reseller, main actions Device interactions" name="Reseller, main actions Device interactions" time="22.922">
    </testcase>
  </testsuite>
</testsuites>