<?xml version="1.0" encoding="UTF-8"?>
<testsuites name="jest tests" tests="13" failures="0" time="147.373">
  <testsuite name="Cloud emulator craete device" errors="0" failures="0" skipped="0" timestamp="2020-04-08T07:48:44" time="146.401" tests="13">
    <testcase classname="Cloud emulator craete device Get a cloud amulator token" name="Cloud emulator craete device Get a cloud amulator token" time="1.232">
    </testcase>
    <testcase classname="Cloud emulator craete device Create a new template" name="Cloud emulator craete device Create a new template" time="1.011">
    </testcase>
    <testcase classname="Cloud emulator craete device Run a created  template" name="Cloud emulator craete device Run a created  template" time="0">
    </testcase>
    <testcase classname="Reseller, main actions Login as reseller" name="Reseller, main actions Login as reseller" time="30.765">
    </testcase>
    <testcase classname="Reseller, main actions Create a new rate" name="Reseller, main actions Create a new rate" time="10.244">
    </testcase>
    <testcase classname="Reseller, main actions Create a new group" name="Reseller, main actions Create a new group" time="14.702">
    </testcase>
    <testcase classname="Reseller, main actions location test" name="Reseller, main actions location test" time="14.863">
    </testcase>
    <testcase classname="Reseller, main actions sublocation test" name="Reseller, main actions sublocation test" time="17.646">
    </testcase>
    <testcase classname="Reseller, main actions RFID add from admin side" name="Reseller, main actions RFID add from admin side" time="1.871">
    </testcase>
    <testcase classname="Reseller, main actions RFID add from reseller side" name="Reseller, main actions RFID add from reseller side" time="11.444">
    </testcase>
    <testcase classname="Reseller, main actions plug the emulator device" name="Reseller, main actions plug the emulator device" time="0">
    </testcase>
    <testcase classname="Reseller, main actions Add cloud device" name="Reseller, main actions Add cloud device" time="16.76">
    </testcase>
    <testcase classname="Reseller, main actions Device interactions" name="Reseller, main actions Device interactions" time="23.014">
    </testcase>
  </testsuite>
</testsuites>