<?xml version="1.0" encoding="UTF-8"?>
<testsuites>
  <testsuite id="0" name="C:\Users\Valeriy\Desktop\Work\Azure repo\e2e\JuiceBoxQA\JavaB2B\test\test.js" errors="0" package="C:\Users\Valeriy\Desktop\Work\Azure repo\e2e\JuiceBoxQA\JavaB2B\test\test.js" hostname="localhost" tests="5" failures="0" time="59.107" timestamp="2020-01-03T09:57:01">
    <properties>
    </properties>
    <testcase classname="Client, main actions" name="Login as client" time="0">
    </testcase>
    <testcase classname="Client, main actions" name="create new user" time="0">
    </testcase>
    <testcase classname="Client, main actions" name="change user information" time="0">
    </testcase>
    <testcase classname="Client, main actions" name="delete user" time="0">
    </testcase>
    <testcase classname="Client, main actions" name="connect with stripe" time="0">
    </testcase>
    <system-out/>
    <system-err/>
  </testsuite>
</testsuites>