<?xml version="1.0" encoding="UTF-8"?>
<testsuites>
  <testsuite id="0" name="C:\Users\Valeriy\Desktop\Work\Azure repo\e2e\JuiceBoxQA\JavaB2B\test\test.js" errors="0" package="C:\Users\Valeriy\Desktop\Work\Azure repo\e2e\JuiceBoxQA\JavaB2B\test\test.js" hostname="localhost" tests="8" failures="0" time="116.348" timestamp="2019-12-27T08:16:51">
    <properties>
    </properties>
    <testcase classname="Reseller, main actions" name="Login as reseller" time="0">
    </testcase>
    <testcase classname="Reseller, main actions" name="Create a new rate" time="0">
    </testcase>
    <testcase classname="Reseller, main actions" name="Create a new group" time="0">
    </testcase>
    <testcase classname="Reseller, main actions" name="location test" time="0">
    </testcase>
    <testcase classname="Client, main actions" name="Login as client" time="0">
    </testcase>
    <testcase classname="Client, main actions" name="create new user" time="0">
    </testcase>
    <testcase classname="Client, main actions" name="change user information" time="0">
    </testcase>
    <testcase classname="Client, main actions" name="delete user" time="0">
    </testcase>
    <system-out/>
    <system-err/>
  </testsuite>
</testsuites>